<?xml version="1.0" encoding="UTF-8"?>
<!-- Generated by org.testng.reporters.JUnitReportReporter -->
<testsuite skipped="0" hostname="DESKTOP-MS890N7" name="OtusTest" tests="1" failures="0" timestamp="2020-01-23T22:59:07 MSK" time="7.641" errors="0">
  <testcase name="testCanOpenOtusSite" time="7.641" classname="OtusTest"/>
  <system-out/>
</testsuite> <!-- OtusTest -->
