<?xml version="1.0" encoding="UTF-8"?>
<!-- Generated by org.testng.reporters.JUnitReportReporter -->
<testsuite skipped="0" hostname="DESKTOP-MS890N7" name="OtusTest" tests="1" failures="0" timestamp="2020-01-23T22:08:24 MSK" time="8.212" errors="0">
  <testcase name="ICanOpenOtusSiteTest" time="8.212" classname="OtusTest"/>
  <system-out/>
</testsuite> <!-- OtusTest -->
